0 info it worked if it ends with ok
1 verbose cli [ '/usr/local/Cellar/node/6.2.0/bin/node',
1 verbose cli   '/usr/local/bin/npm',
1 verbose cli   'install',
1 verbose cli   'mraa' ]
2 info using npm@3.10.5
3 info using node@v6.2.0
4 silly loadCurrentTree Starting
5 silly install loadCurrentTree
6 silly install readLocalPackageData
7 silly fetchPackageMetaData mraa
8 silly fetchNamedPackageData mraa
9 silly mapToRegistry name mraa
10 silly mapToRegistry using default registry
11 silly mapToRegistry registry https://registry.npmjs.org/
12 silly mapToRegistry data Result {
12 silly mapToRegistry   raw: 'mraa',
12 silly mapToRegistry   scope: null,
12 silly mapToRegistry   escapedName: 'mraa',
12 silly mapToRegistry   name: 'mraa',
12 silly mapToRegistry   rawSpec: '',
12 silly mapToRegistry   spec: 'latest',
12 silly mapToRegistry   type: 'tag' }
13 silly mapToRegistry uri https://registry.npmjs.org/mraa
14 verbose request uri https://registry.npmjs.org/mraa
15 verbose request no auth needed
16 info attempt registry request try #1 at 1:55:33 PM
17 verbose request id 148c877cbe63488f
18 http request GET https://registry.npmjs.org/mraa
19 http 200 https://registry.npmjs.org/mraa
20 verbose headers { server: 'CouchDB/1.6.1 (Erlang OTP/R16B03)',
20 verbose headers   etag: '"3F247Y7TB0PA6H6TAUQAF49MW"',
20 verbose headers   'content-type': 'application/json',
20 verbose headers   'content-encoding': 'gzip',
20 verbose headers   'cache-control': 'max-age=300',
20 verbose headers   'content-length': '15950',
20 verbose headers   'accept-ranges': 'bytes',
20 verbose headers   date: 'Sat, 23 Jul 2016 20:55:34 GMT',
20 verbose headers   via: '1.1 varnish',
20 verbose headers   age: '0',
20 verbose headers   connection: 'keep-alive',
20 verbose headers   'x-served-by': 'cache-sea1923-SEA',
20 verbose headers   'x-cache': 'MISS',
20 verbose headers   'x-cache-hits': '0',
20 verbose headers   'x-timer': 'S1469307334.144294,VS0,VE199',
20 verbose headers   vary: 'Accept-Encoding' }
21 silly get cb [ 200,
21 silly get   { server: 'CouchDB/1.6.1 (Erlang OTP/R16B03)',
21 silly get     etag: '"3F247Y7TB0PA6H6TAUQAF49MW"',
21 silly get     'content-type': 'application/json',
21 silly get     'content-encoding': 'gzip',
21 silly get     'cache-control': 'max-age=300',
21 silly get     'content-length': '15950',
21 silly get     'accept-ranges': 'bytes',
21 silly get     date: 'Sat, 23 Jul 2016 20:55:34 GMT',
21 silly get     via: '1.1 varnish',
21 silly get     age: '0',
21 silly get     connection: 'keep-alive',
21 silly get     'x-served-by': 'cache-sea1923-SEA',
21 silly get     'x-cache': 'MISS',
21 silly get     'x-cache-hits': '0',
21 silly get     'x-timer': 'S1469307334.144294,VS0,VE199',
21 silly get     vary: 'Accept-Encoding' } ]
22 verbose get saving mraa to /Users/varunv/.npm/registry.npmjs.org/mraa/.cache.json
23 verbose correctMkdir /Users/varunv/.npm correctMkdir not in flight; initializing
24 silly install normalizeTree
25 silly loadCurrentTree Finishing
26 silly loadIdealTree Starting
27 silly install loadIdealTree
28 silly cloneCurrentTree Starting
29 silly install cloneCurrentTreeToIdealTree
30 silly cloneCurrentTree Finishing
31 silly loadShrinkwrap Starting
32 silly install loadShrinkwrap
33 silly loadShrinkwrap Finishing
34 silly loadAllDepsIntoIdealTree Starting
35 silly install loadAllDepsIntoIdealTree
36 silly resolveWithNewModule mraa@1.1.2 checking installable status
37 silly cache add args [ 'mraa', null ]
38 verbose cache add spec mraa
39 silly cache add parsed spec Result {
39 silly cache add   raw: 'mraa',
39 silly cache add   scope: null,
39 silly cache add   escapedName: 'mraa',
39 silly cache add   name: 'mraa',
39 silly cache add   rawSpec: '',
39 silly cache add   spec: 'latest',
39 silly cache add   type: 'tag' }
40 silly addNamed mraa@latest
41 verbose addNamed "latest" is being treated as a dist-tag for mraa
42 info addNameTag [ 'mraa', 'latest' ]
43 silly mapToRegistry name mraa
44 silly mapToRegistry using default registry
45 silly mapToRegistry registry https://registry.npmjs.org/
46 silly mapToRegistry data Result {
46 silly mapToRegistry   raw: 'mraa',
46 silly mapToRegistry   scope: null,
46 silly mapToRegistry   escapedName: 'mraa',
46 silly mapToRegistry   name: 'mraa',
46 silly mapToRegistry   rawSpec: '',
46 silly mapToRegistry   spec: 'latest',
46 silly mapToRegistry   type: 'tag' }
47 silly mapToRegistry uri https://registry.npmjs.org/mraa
48 verbose addNameTag registry:https://registry.npmjs.org/mraa not in flight; fetching
49 verbose get https://registry.npmjs.org/mraa not expired, no request
50 silly addNameTag next cb for mraa with tag latest
51 silly addNamed mraa@1.1.2
52 verbose addNamed "1.1.2" is a plain semver version for mraa
53 silly mapToRegistry name mraa
54 silly mapToRegistry using default registry
55 silly mapToRegistry registry https://registry.npmjs.org/
56 silly mapToRegistry data Result {
56 silly mapToRegistry   raw: 'mraa',
56 silly mapToRegistry   scope: null,
56 silly mapToRegistry   escapedName: 'mraa',
56 silly mapToRegistry   name: 'mraa',
56 silly mapToRegistry   rawSpec: '',
56 silly mapToRegistry   spec: 'latest',
56 silly mapToRegistry   type: 'tag' }
57 silly mapToRegistry uri https://registry.npmjs.org/mraa
58 verbose addRemoteTarball https://registry.npmjs.org/mraa/-/mraa-1.1.2.tgz not in flight; adding
59 verbose addRemoteTarball [ 'https://registry.npmjs.org/mraa/-/mraa-1.1.2.tgz',
59 verbose addRemoteTarball   'dea46cd5434b66a0ee4c0744964f41bf15d01716' ]
60 info retry fetch attempt 1 at 1:55:34 PM
61 info attempt registry request try #1 at 1:55:34 PM
62 http fetch GET https://registry.npmjs.org/mraa/-/mraa-1.1.2.tgz
63 http fetch 200 https://registry.npmjs.org/mraa/-/mraa-1.1.2.tgz
64 silly fetchAndShaCheck shasum dea46cd5434b66a0ee4c0744964f41bf15d01716
65 verbose addTmpTarball /var/folders/4t/n1l72fjd3sv71dltx4js9hhh0000gq/T/npm-31190-76deb81b/registry.npmjs.org/mraa/-/mraa-1.1.2.tgz not in flight; adding
66 verbose addTmpTarball already have metadata; skipping unpack for mraa@1.1.2
67 verbose correctMkdir /Users/varunv/.npm correctMkdir not in flight; initializing
68 silly cache afterAdd mraa@1.1.2
69 verbose afterAdd /Users/varunv/.npm/mraa/1.1.2/package/package.json not in flight; writing
70 verbose correctMkdir /Users/varunv/.npm correctMkdir not in flight; initializing
71 verbose afterAdd /Users/varunv/.npm/mraa/1.1.2/package/package.json written
72 silly loadAllDepsIntoIdealTree Finishing
73 silly loadIdealTree Finishing
74 silly currentTree Thermometer_demo@1.0.0
74 silly currentTree ├── accepts@1.3.3
74 silly currentTree ├── after@0.8.1
74 silly currentTree ├── array-flatten@1.1.1
74 silly currentTree ├── arraybuffer.slice@0.0.6
74 silly currentTree ├── backo2@1.0.2
74 silly currentTree ├── base64-arraybuffer@0.1.2
74 silly currentTree ├── base64id@0.1.0
74 silly currentTree ├── benchmark@1.0.0
74 silly currentTree ├── better-assert@1.0.2
74 silly currentTree ├── blob@0.0.4
74 silly currentTree ├── callsite@1.0.0
74 silly currentTree ├── component-bind@1.0.0
74 silly currentTree ├── component-emitter@1.1.2
74 silly currentTree ├── component-inherit@0.0.3
74 silly currentTree ├── content-disposition@0.5.1
74 silly currentTree ├── content-type@1.0.2
74 silly currentTree ├── cookie-signature@1.0.6
74 silly currentTree ├── cookie@0.3.1
74 silly currentTree ├── debug@2.2.0
74 silly currentTree ├── depd@1.1.0
74 silly currentTree ├── destroy@1.0.4
74 silly currentTree ├── ee-first@1.1.1
74 silly currentTree ├── encodeurl@1.0.1
74 silly currentTree ├─┬ engine.io-client@1.6.11
74 silly currentTree │ └── ws@1.0.1
74 silly currentTree ├─┬ engine.io-parser@1.2.4
74 silly currentTree │ └── has-binary@0.1.6
74 silly currentTree ├─┬ engine.io@1.6.11
74 silly currentTree │ ├── accepts@1.1.4
74 silly currentTree │ ├── mime-db@1.12.0
74 silly currentTree │ ├── mime-types@2.0.14
74 silly currentTree │ └── negotiator@0.4.9
74 silly currentTree ├── escape-html@1.0.3
74 silly currentTree ├── etag@1.7.0
74 silly currentTree ├── express@4.14.0
74 silly currentTree ├── finalhandler@0.5.0
74 silly currentTree ├── forwarded@0.1.0
74 silly currentTree ├── fresh@0.3.0
74 silly currentTree ├── has-binary@0.1.7
74 silly currentTree ├── has-cors@1.1.0
74 silly currentTree ├── http-errors@1.5.0
74 silly currentTree ├── indexof@0.0.1
74 silly currentTree ├── inherits@2.0.1
74 silly currentTree ├── ipaddr.js@1.1.1
74 silly currentTree ├── isarray@0.0.1
74 silly currentTree ├── json3@3.2.6
74 silly currentTree ├── media-typer@0.3.0
74 silly currentTree ├── merge-descriptors@1.0.1
74 silly currentTree ├── methods@1.1.2
74 silly currentTree ├── mime-db@1.23.0
74 silly currentTree ├── mime-types@2.1.11
74 silly currentTree ├── mime@1.3.4
74 silly currentTree ├── ms@0.7.1
74 silly currentTree ├── negotiator@0.6.1
74 silly currentTree ├── object-component@0.0.3
74 silly currentTree ├── on-finished@2.3.0
74 silly currentTree ├── options@0.0.6
74 silly currentTree ├── parsejson@0.0.1
74 silly currentTree ├── parseqs@0.0.2
74 silly currentTree ├── parseuri@0.0.4
74 silly currentTree ├── parseurl@1.3.1
74 silly currentTree ├── path-to-regexp@0.1.7
74 silly currentTree ├── proxy-addr@1.1.2
74 silly currentTree ├── qs@6.2.0
74 silly currentTree ├── range-parser@1.2.0
74 silly currentTree ├── send@0.14.1
74 silly currentTree ├── serve-static@1.11.1
74 silly currentTree ├── setprototypeof@1.0.1
74 silly currentTree ├─┬ socket.io-adapter@0.4.0
74 silly currentTree │ └─┬ socket.io-parser@2.2.2
74 silly currentTree │   └── debug@0.7.4
74 silly currentTree ├─┬ socket.io-client@1.4.8
74 silly currentTree │ └── component-emitter@1.2.0
74 silly currentTree ├─┬ socket.io-parser@2.2.6
74 silly currentTree │ └── json3@3.3.2
74 silly currentTree ├── socket.io@1.4.8
74 silly currentTree ├── statuses@1.3.0
74 silly currentTree ├── to-array@0.1.4
74 silly currentTree ├── type-is@1.6.13
74 silly currentTree ├── ultron@1.0.2
74 silly currentTree ├── unpipe@1.0.0
74 silly currentTree ├── utf8@2.1.0
74 silly currentTree ├── utils-merge@1.0.0
74 silly currentTree ├── vary@1.1.0
74 silly currentTree ├── ws@1.1.0
74 silly currentTree ├── xmlhttprequest-ssl@1.5.1
74 silly currentTree └── yeast@0.1.2
75 silly idealTree Thermometer_demo@1.0.0
75 silly idealTree ├── accepts@1.3.3
75 silly idealTree ├── after@0.8.1
75 silly idealTree ├── array-flatten@1.1.1
75 silly idealTree ├── arraybuffer.slice@0.0.6
75 silly idealTree ├── backo2@1.0.2
75 silly idealTree ├── base64-arraybuffer@0.1.2
75 silly idealTree ├── base64id@0.1.0
75 silly idealTree ├── benchmark@1.0.0
75 silly idealTree ├── better-assert@1.0.2
75 silly idealTree ├── blob@0.0.4
75 silly idealTree ├── callsite@1.0.0
75 silly idealTree ├── component-bind@1.0.0
75 silly idealTree ├── component-emitter@1.1.2
75 silly idealTree ├── component-inherit@0.0.3
75 silly idealTree ├── content-disposition@0.5.1
75 silly idealTree ├── content-type@1.0.2
75 silly idealTree ├── cookie-signature@1.0.6
75 silly idealTree ├── cookie@0.3.1
75 silly idealTree ├── debug@2.2.0
75 silly idealTree ├── depd@1.1.0
75 silly idealTree ├── destroy@1.0.4
75 silly idealTree ├── ee-first@1.1.1
75 silly idealTree ├── encodeurl@1.0.1
75 silly idealTree ├─┬ engine.io-client@1.6.11
75 silly idealTree │ └── ws@1.0.1
75 silly idealTree ├─┬ engine.io-parser@1.2.4
75 silly idealTree │ └── has-binary@0.1.6
75 silly idealTree ├─┬ engine.io@1.6.11
75 silly idealTree │ ├── accepts@1.1.4
75 silly idealTree │ ├── mime-db@1.12.0
75 silly idealTree │ ├── mime-types@2.0.14
75 silly idealTree │ └── negotiator@0.4.9
75 silly idealTree ├── escape-html@1.0.3
75 silly idealTree ├── etag@1.7.0
75 silly idealTree ├── express@4.14.0
75 silly idealTree ├── finalhandler@0.5.0
75 silly idealTree ├── forwarded@0.1.0
75 silly idealTree ├── fresh@0.3.0
75 silly idealTree ├── has-binary@0.1.7
75 silly idealTree ├── has-cors@1.1.0
75 silly idealTree ├── http-errors@1.5.0
75 silly idealTree ├── indexof@0.0.1
75 silly idealTree ├── inherits@2.0.1
75 silly idealTree ├── ipaddr.js@1.1.1
75 silly idealTree ├── isarray@0.0.1
75 silly idealTree ├── json3@3.2.6
75 silly idealTree ├── media-typer@0.3.0
75 silly idealTree ├── merge-descriptors@1.0.1
75 silly idealTree ├── methods@1.1.2
75 silly idealTree ├── mime-db@1.23.0
75 silly idealTree ├── mime-types@2.1.11
75 silly idealTree ├── mime@1.3.4
75 silly idealTree ├── mraa@1.1.2
75 silly idealTree ├── ms@0.7.1
75 silly idealTree ├── negotiator@0.6.1
75 silly idealTree ├── object-component@0.0.3
75 silly idealTree ├── on-finished@2.3.0
75 silly idealTree ├── options@0.0.6
75 silly idealTree ├── parsejson@0.0.1
75 silly idealTree ├── parseqs@0.0.2
75 silly idealTree ├── parseuri@0.0.4
75 silly idealTree ├── parseurl@1.3.1
75 silly idealTree ├── path-to-regexp@0.1.7
75 silly idealTree ├── proxy-addr@1.1.2
75 silly idealTree ├── qs@6.2.0
75 silly idealTree ├── range-parser@1.2.0
75 silly idealTree ├── send@0.14.1
75 silly idealTree ├── serve-static@1.11.1
75 silly idealTree ├── setprototypeof@1.0.1
75 silly idealTree ├─┬ socket.io-adapter@0.4.0
75 silly idealTree │ └─┬ socket.io-parser@2.2.2
75 silly idealTree │   └── debug@0.7.4
75 silly idealTree ├─┬ socket.io-client@1.4.8
75 silly idealTree │ └── component-emitter@1.2.0
75 silly idealTree ├─┬ socket.io-parser@2.2.6
75 silly idealTree │ └── json3@3.3.2
75 silly idealTree ├── socket.io@1.4.8
75 silly idealTree ├── statuses@1.3.0
75 silly idealTree ├── to-array@0.1.4
75 silly idealTree ├── type-is@1.6.13
75 silly idealTree ├── ultron@1.0.2
75 silly idealTree ├── unpipe@1.0.0
75 silly idealTree ├── utf8@2.1.0
75 silly idealTree ├── utils-merge@1.0.0
75 silly idealTree ├── vary@1.1.0
75 silly idealTree ├── ws@1.1.0
75 silly idealTree ├── xmlhttprequest-ssl@1.5.1
75 silly idealTree └── yeast@0.1.2
76 silly generateActionsToTake Starting
77 silly install generateActionsToTake
78 silly generateActionsToTake Finishing
79 silly diffTrees action count 1
80 silly diffTrees add mraa@1.1.2
81 silly decomposeActions action count 8
82 silly decomposeActions fetch mraa@1.1.2
83 silly decomposeActions extract mraa@1.1.2
84 silly decomposeActions test mraa@1.1.2
85 silly decomposeActions preinstall mraa@1.1.2
86 silly decomposeActions build mraa@1.1.2
87 silly decomposeActions install mraa@1.1.2
88 silly decomposeActions postinstall mraa@1.1.2
89 silly decomposeActions finalize mraa@1.1.2
90 silly executeActions Starting
91 silly install executeActions
92 silly doSerial global-install 0
93 silly doParallel fetch 1
94 verbose correctMkdir /Users/varunv/.npm/_locks correctMkdir not in flight; initializing
95 verbose lock using /Users/varunv/.npm/_locks/staging-7192ec2f10119d01.lock for /Users/varunv/Code/IOT-Hack/backend/node_modules/.staging
96 silly doParallel extract 1
97 silly extract mraa@1.1.2
98 verbose unbuild node_modules/.staging/mraa-1cce06f5
99 silly gentlyRm /Users/varunv/Code/IOT-Hack/backend/node_modules/.staging/mraa-1cce06f5 is being purged from base /Users/varunv/Code/IOT-Hack/backend
100 verbose gentlyRm don't care about contents; nuking /Users/varunv/Code/IOT-Hack/backend/node_modules/.staging/mraa-1cce06f5
101 verbose tar unpack /Users/varunv/.npm/mraa/1.1.2/package.tgz
102 verbose tar unpacking to /Users/varunv/Code/IOT-Hack/backend/node_modules/.staging/mraa-1cce06f5
103 silly gentlyRm /Users/varunv/Code/IOT-Hack/backend/node_modules/.staging/mraa-1cce06f5 is being purged
104 verbose gentlyRm don't care about contents; nuking /Users/varunv/Code/IOT-Hack/backend/node_modules/.staging/mraa-1cce06f5
105 silly gunzTarPerm modes [ '755', '644' ]
106 silly gunzTarPerm extractEntry
107 silly gunzTarPerm extractEntry imraa/
108 silly gunzTarPerm extractEntry imraa/imraa.c
109 silly gunzTarPerm extractEntry imraa/imraa.service
110 silly gunzTarPerm extractEntry imraa/imraa.conf
111 silly gunzTarPerm extractEntry imraa/CMakeLists.txt
112 silly gunzTarPerm extractEntry DoxygenLayout.xml
113 silly gunzTarPerm extractEntry Android.mk
114 silly gunzTarPerm extractEntry COPYING
115 silly gunzTarPerm extractEntry src/
116 silly gunzTarPerm extractEntry src/x86/
117 silly gunzTarPerm extractEntry src/x86/intel_de3815.c
118 silly gunzTarPerm extractEntry src/x86/intel_minnow_byt_compatible.c
119 silly gunzTarPerm extractEntry src/x86/intel_nuc5.c
120 silly gunzTarPerm extractEntry src/x86/intel_galileo_rev_g.c
121 silly gunzTarPerm extractEntry src/x86/intel_edison_fab_c.c
122 silly gunzTarPerm extractEntry src/x86/x86.c
123 silly gunzTarPerm extractEntry src/x86/intel_cherryhills.c
124 silly gunzTarPerm extractEntry src/x86/intel_galileo_rev_d.c
125 silly gunzTarPerm extractEntry src/x86/CMakeLists.txt
126 silly gunzTarPerm extractEntry src/x86/intel_sofia_3gr.c
127 silly gunzTarPerm extractEntry src/x86/intel_gt_tuchuck.c
128 silly gunzTarPerm extractEntry src/x86/up.c
129 silly gunzTarPerm extractEntry src/mraajsJAVASCRIPT_wrap.cxx
130 silly gunzTarPerm extractEntry src/java/
131 silly gunzTarPerm extractEntry src/java/manifest.txt.in
132 silly gunzTarPerm extractEntry src/java/mraajni.c
133 silly gunzTarPerm extractEntry src/java/mraajava.pc.cmake
134 silly gunzTarPerm extractEntry src/java/mraajava.i
135 silly gunzTarPerm extractEntry src/java/CMakeLists.txt
136 silly gunzTarPerm extractEntry src/spi/
137 silly gunzTarPerm extractEntry src/spi/spi.c
138 silly gunzTarPerm extractEntry src/mraa.i
139 silly gunzTarPerm extractEntry src/python/
140 silly gunzTarPerm extractEntry src/python/python3/
141 silly gunzTarPerm extractEntry src/python/python3/mraa3.i
142 silly gunzTarPerm extractEntry src/python/python3/CMakeLists.txt
143 silly gunzTarPerm extractEntry src/python/mraapy.c
144 silly gunzTarPerm extractEntry src/python/python2/
145 silly gunzTarPerm extractEntry src/python/python2/mraa2.i
146 silly gunzTarPerm extractEntry src/python/python2/docs/
147 silly gunzTarPerm extractEntry src/python/python2/docs/example.rst
148 silly gunzTarPerm extractEntry src/python/python2/docs/mraa.rst
149 silly gunzTarPerm extractEntry src/python/python2/docs/index.rst
150 silly gunzTarPerm extractEntry src/python/python2/docs/conf.py.in
151 silly gunzTarPerm extractEntry src/python/python2/docs/CMakeLists.txt
152 silly gunzTarPerm extractEntry src/python/python2/CMakeLists.txt
153 silly gunzTarPerm extractEntry src/python/mraapython.i
154 silly gunzTarPerm extractEntry src/python/CMakeLists.txt
155 silly gunzTarPerm extractEntry src/javascript/
156 silly gunzTarPerm extractEntry src/javascript/doxygen2jsdoc_custom.json
157 silly gunzTarPerm extractEntry src/javascript/binding.gyp.cmake
158 silly gunzTarPerm extractEntry src/javascript/mraajs.i
159 silly gunzTarPerm extractEntry src/javascript/CMakeLists.txt
160 silly gunzTarPerm extractEntry src/javascript/package.json.cmake
161 silly gunzTarPerm extractEntry src/gpio/
162 silly gunzTarPerm extractEntry src/gpio/gpio.c
163 silly gunzTarPerm extractEntry src/arm/
164 silly gunzTarPerm extractEntry src/arm/banana.c
165 silly gunzTarPerm extractEntry src/arm/beaglebone.c
166 silly gunzTarPerm extractEntry src/arm/arm.c
167 silly gunzTarPerm extractEntry src/arm/raspberry_pi.c
168 silly gunzTarPerm extractEntry src/arm/96boards.c
169 silly gunzTarPerm extractEntry src/arm/CMakeLists.txt
170 silly gunzTarPerm extractEntry src/aio/
171 silly gunzTarPerm extractEntry src/aio/aio.c
172 silly gunzTarPerm extractEntry src/mraa.c
173 silly gunzTarPerm extractEntry src/uart/
174 silly gunzTarPerm extractEntry src/uart/uart.c
175 silly gunzTarPerm extractEntry src/pwm/
176 silly gunzTarPerm extractEntry src/pwm/pwm.c
177 silly gunzTarPerm extractEntry src/usb/
178 silly gunzTarPerm extractEntry src/usb/usb.c
179 silly gunzTarPerm extractEntry src/usb/ftdi_ft4222.c
180 silly gunzTarPerm extractEntry src/usb/CMakeLists.txt
181 silly gunzTarPerm extractEntry src/uart_ow/
182 silly gunzTarPerm extractEntry src/uart_ow/uart_ow.c
183 silly gunzTarPerm extractEntry src/uart_ow/CMakeLists.txt
184 silly gunzTarPerm extractEntry src/i2c/
185 silly gunzTarPerm extractEntry src/i2c/i2c.c
186 silly gunzTarPerm extractEntry src/i2c/LICENSE
187 silly gunzTarPerm extractEntry src/mraa.pc.cmake
188 silly gunzTarPerm extractEntry src/doxy2swig.py
189 silly gunzTarPerm extractEntry src/glob/
190 silly gunzTarPerm extractEntry src/glob/glob.c
191 silly gunzTarPerm extractEntry src/glob/glob.h
192 silly gunzTarPerm extractEntry src/version.c
193 silly gunzTarPerm extractEntry src/iio/
194 silly gunzTarPerm extractEntry src/iio/iio.c
195 silly gunzTarPerm extractEntry src/CMakeLists.txt
196 silly gunzTarPerm extractEntry src/firmata/
197 silly gunzTarPerm extractEntry src/firmata/firmata_mraa.c
198 silly gunzTarPerm extractEntry src/firmata/firmata.c
199 silly gunzTarPerm extractEntry src/firmata/CMakeLists.txt
200 silly gunzTarPerm extractEntry src/mock/
201 silly gunzTarPerm extractEntry src/mock/mock_board.c
202 silly gunzTarPerm extractEntry src/mock/CMakeLists.txt
203 silly gunzTarPerm extractEntry src/mock/mock.c
204 silly gunzTarPerm extractEntry package.json
205 silly gunzTarPerm extractEntry .gitmodules
206 silly gunzTarPerm extractEntry READMEFIRST
207 silly gunzTarPerm extractEntry binding.gyp
208 silly gunzTarPerm extractEntry docs/
209 silly gunzTarPerm extractEntry docs/testing.md
210 silly gunzTarPerm extractEntry docs/minnow_max.md
211 silly gunzTarPerm extractEntry docs/index.java.md
212 silly gunzTarPerm extractEntry docs/banana_pi.md
213 silly gunzTarPerm extractEntry docs/up.md
214 silly gunzTarPerm extractEntry docs/i2c.txt
215 silly gunzTarPerm extractEntry docs/galileorevd.md
216 silly gunzTarPerm extractEntry docs/galileorevh.md
217 silly gunzTarPerm extractEntry docs/npm.md
218 silly gunzTarPerm extractEntry docs/index.md
219 silly gunzTarPerm extractEntry docs/platform-hooks.md
220 silly gunzTarPerm extractEntry docs/intel_nuc5.md
221 silly gunzTarPerm extractEntry docs/changelog.md
222 silly gunzTarPerm extractEntry docs/grossetete.md
223 silly gunzTarPerm extractEntry docs/internals.md
224 silly gunzTarPerm extractEntry docs/imraa.md
225 silly gunzTarPerm extractEntry docs/intel_de3815.md
226 silly gunzTarPerm extractEntry docs/mock.md
227 silly gunzTarPerm extractEntry docs/ftdi_ft4222.md
228 silly gunzTarPerm extractEntry docs/firmata.md
229 silly gunzTarPerm extractEntry docs/debugging.md
230 silly gunzTarPerm extractEntry docs/iio.md
231 silly gunzTarPerm extractEntry docs/beaglebone.md
232 silly gunzTarPerm extractEntry docs/raspberry_pi.md
233 silly gunzTarPerm extractEntry docs/edison.md
234 silly gunzTarPerm extractEntry include/
235 silly gunzTarPerm extractEntry include/x86/
236 silly gunzTarPerm extractEntry include/x86/up.h
237 silly gunzTarPerm extractEntry include/x86/intel_sofia_3gr.h
238 silly gunzTarPerm extractEntry include/x86/intel_galileo_rev_d.h
239 silly gunzTarPerm extractEntry include/x86/intel_cherryhills.h
240 silly gunzTarPerm extractEntry include/x86/intel_minnow_byt_compatible.h
241 silly gunzTarPerm extractEntry include/x86/intel_gt_tuchuck.h
242 silly gunzTarPerm extractEntry include/x86/intel_nuc5.h
243 silly gunzTarPerm extractEntry include/x86/intel_de3815.h
244 silly gunzTarPerm extractEntry include/x86/intel_edison_fab_c.h
245 silly gunzTarPerm extractEntry include/x86/intel_galileo_rev_g.h
246 silly gunzTarPerm extractEntry include/mraa_internal_types.h
247 silly gunzTarPerm extractEntry include/linux/
248 silly gunzTarPerm extractEntry include/linux/spi_kernel_headers.h
249 silly gunzTarPerm extractEntry include/linux/types.h
250 silly gunzTarPerm extractEntry include/linux/i2c-dev.h
251 silly gunzTarPerm extractEntry include/linux/README
252 silly gunzTarPerm extractEntry include/linux/posix_types.h
253 silly gunzTarPerm extractEntry include/linux/compiler.h
254 silly gunzTarPerm extractEntry include/java/
255 silly gunzTarPerm extractEntry include/java/mraajni.h
256 silly gunzTarPerm extractEntry include/python/
257 silly gunzTarPerm extractEntry include/python/mraapy.h
258 silly gunzTarPerm extractEntry include/mraa_adv_func.h
259 silly gunzTarPerm extractEntry include/arm/
260 silly gunzTarPerm extractEntry include/arm/96boards.h
261 silly gunzTarPerm extractEntry include/arm/raspberry_pi.h
262 silly gunzTarPerm extractEntry include/arm/beaglebone.h
263 silly gunzTarPerm extractEntry include/arm/banana.h
264 silly gunzTarPerm extractEntry include/mraa_internal.h
265 silly gunzTarPerm extractEntry include/usb/
266 silly gunzTarPerm extractEntry include/usb/ftdi_ft4222.h
267 silly gunzTarPerm extractEntry include/mraa_lang_func.h
268 silly gunzTarPerm extractEntry include/version.h
269 silly gunzTarPerm extractEntry include/firmata/
270 silly gunzTarPerm extractEntry include/firmata/firmata.h
271 silly gunzTarPerm extractEntry include/firmata/firmata_mraa.h
272 silly gunzTarPerm extractEntry include/mock/
273 silly gunzTarPerm extractEntry include/mock/mock_board.h
274 silly gunzTarPerm extractEntry Doxyfile.in
275 silly gunzTarPerm extractEntry .travis.yml
276 silly gunzTarPerm extractEntry api/
277 silly gunzTarPerm extractEntry api/mraa.h
278 silly gunzTarPerm extractEntry api/mraa.hpp
279 silly gunzTarPerm extractEntry api/mraa/
280 silly gunzTarPerm extractEntry api/mraa/uart_ow.hpp
281 silly gunzTarPerm extractEntry api/mraa/firmata.h
282 silly gunzTarPerm extractEntry api/mraa/spi.h
283 silly gunzTarPerm extractEntry api/mraa/iio.hpp
284 silly gunzTarPerm extractEntry api/mraa/pwm.hpp
285 silly gunzTarPerm extractEntry api/mraa/pwm.h
286 silly gunzTarPerm extractEntry api/mraa/types.hpp
287 silly gunzTarPerm extractEntry api/mraa/i2c.h
288 silly gunzTarPerm extractEntry api/mraa/uart_ow.h
289 silly gunzTarPerm extractEntry api/mraa/i2c.hpp
290 silly gunzTarPerm extractEntry api/mraa/iio_kernel_headers.h
291 silly gunzTarPerm extractEntry api/mraa/common.hpp
292 silly gunzTarPerm extractEntry api/mraa/aio.hpp
293 silly gunzTarPerm extractEntry api/mraa/types.h
294 silly gunzTarPerm extractEntry api/mraa/aio.h
295 silly gunzTarPerm extractEntry api/mraa/gpio.hpp
296 silly gunzTarPerm extractEntry api/mraa/gpio.h
297 silly gunzTarPerm extractEntry api/mraa/uart.hpp
298 silly gunzTarPerm extractEntry api/mraa/iio.h
299 silly gunzTarPerm extractEntry api/mraa/spi.hpp
300 silly gunzTarPerm extractEntry api/mraa/uart.h
301 silly gunzTarPerm extractEntry api/mraa/common.h
302 silly gunzTarPerm extractEntry examples/
303 silly gunzTarPerm extractEntry examples/iio_driver.c
304 silly gunzTarPerm extractEntry examples/hellomraa.c
305 silly gunzTarPerm extractEntry examples/c++/
306 silly gunzTarPerm extractEntry examples/c++/Pwm3-cycle.cpp
307 silly gunzTarPerm extractEntry examples/c++/Blink-IO.cpp
308 silly gunzTarPerm extractEntry examples/c++/initio.cpp
309 silly gunzTarPerm extractEntry examples/c++/Uart-example.cpp
310 silly gunzTarPerm extractEntry examples/c++/I2c-compass.cpp
311 silly gunzTarPerm extractEntry examples/c++/AioA0.cpp
312 silly gunzTarPerm extractEntry examples/c++/Spi-pot.cpp
313 silly gunzTarPerm extractEntry examples/c++/UartOW.cpp
314 silly gunzTarPerm extractEntry examples/c++/Iio-dummy.cpp
315 silly gunzTarPerm extractEntry examples/c++/CMakeLists.txt
316 silly gunzTarPerm extractEntry examples/c++/Isr-pin6.cpp
317 silly gunzTarPerm extractEntry examples/isr_pin6.c
318 silly gunzTarPerm extractEntry examples/blink_onboard.c
319 silly gunzTarPerm extractEntry examples/firmata_curie_imu.c
320 silly gunzTarPerm extractEntry examples/analogin_a0.c
321 silly gunzTarPerm extractEntry examples/java/
322 silly gunzTarPerm extractEntry examples/java/Bmp85.java
323 silly gunzTarPerm extractEntry examples/java/Isr.java
324 silly gunzTarPerm extractEntry examples/java/SpiMAX7219.java
325 silly gunzTarPerm extractEntry examples/java/Example.java
326 silly gunzTarPerm extractEntry examples/java/SpiMCP4261.java
327 silly gunzTarPerm extractEntry examples/java/HelloEdison.java
328 silly gunzTarPerm extractEntry examples/java/I2cCompass.java
329 silly gunzTarPerm extractEntry examples/java/AioA0.java
330 silly gunzTarPerm extractEntry examples/java/CyclePwm3.java
331 silly gunzTarPerm extractEntry examples/java/FTDITest.java
332 silly gunzTarPerm extractEntry examples/java/GpioRead6.java
333 silly gunzTarPerm extractEntry examples/java/BlinkIO.java
334 silly gunzTarPerm extractEntry examples/java/GpioMmapped.java
335 silly gunzTarPerm extractEntry examples/java/UartExample.java
336 silly gunzTarPerm extractEntry examples/java/BlinkOnboard.java
337 silly gunzTarPerm extractEntry examples/i2c_HMC5883L.c
338 silly gunzTarPerm extractEntry examples/blink-io.c
339 silly gunzTarPerm extractEntry examples/python/
340 silly gunzTarPerm extractEntry examples/python/hello_isr.py
341 silly gunzTarPerm extractEntry examples/python/blink-io8.py
342 silly gunzTarPerm extractEntry examples/python/firmata.py
343 silly gunzTarPerm extractEntry examples/python/bmp85.py
344 silly gunzTarPerm extractEntry examples/python/initio.py
345 silly gunzTarPerm extractEntry examples/python/hello_gpio.py
346 silly gunzTarPerm extractEntry examples/python/spi.py
347 silly gunzTarPerm extractEntry examples/python/cycle-pwm3.py
348 silly gunzTarPerm extractEntry examples/python/uart_sender.py
349 silly gunzTarPerm extractEntry examples/python/aio.py
350 silly gunzTarPerm extractEntry examples/python/uart_receiver.py
351 silly gunzTarPerm extractEntry examples/python/rgblcd.py
352 silly gunzTarPerm extractEntry examples/javascript/
353 silly gunzTarPerm extractEntry examples/javascript/AioA0.js
354 silly gunzTarPerm extractEntry examples/javascript/Blink-IO.js
355 silly gunzTarPerm extractEntry examples/javascript/spi.js
356 silly gunzTarPerm extractEntry examples/javascript/rgblcd.js
357 silly gunzTarPerm extractEntry examples/javascript/GPIO_DigitalWrite.js
358 silly gunzTarPerm extractEntry examples/javascript/initio.js
359 silly gunzTarPerm extractEntry examples/javascript/uart.js
360 silly gunzTarPerm extractEntry examples/javascript/bmp85.js
361 silly gunzTarPerm extractEntry examples/javascript/isr.js
362 silly gunzTarPerm extractEntry examples/javascript/GPIO_DigitalRead.js
363 silly gunzTarPerm extractEntry examples/javascript/firmata.js
364 silly gunzTarPerm extractEntry examples/javascript/gpio-tool.js
365 silly gunzTarPerm extractEntry examples/samples.mapping.txt
366 silly gunzTarPerm extractEntry examples/mmap-io2.c
367 silly gunzTarPerm extractEntry examples/uart.c
368 silly gunzTarPerm extractEntry examples/mraa-gpio.c
369 silly gunzTarPerm extractEntry examples/gpio_read6.c
370 silly gunzTarPerm extractEntry examples/i2c_firmata.c
371 silly gunzTarPerm extractEntry examples/spi_max7219.c
372 silly gunzTarPerm extractEntry examples/uart_ow.c
373 silly gunzTarPerm extractEntry examples/spi_mcp4261.c
374 silly gunzTarPerm extractEntry examples/cycle-pwm3.c
375 silly gunzTarPerm extractEntry examples/helloedison.c
376 silly gunzTarPerm extractEntry examples/CMakeLists.txt
377 silly gunzTarPerm extractEntry examples/mraa-i2c.c
378 silly gunzTarPerm extractEntry examples/initio.c
379 silly gunzTarPerm extractEntry Doxyfile.java.in
380 silly gunzTarPerm extractEntry cmake/
381 silly gunzTarPerm extractEntry cmake/modules/
382 silly gunzTarPerm extractEntry cmake/modules/TargetArch.cmake
383 silly gunzTarPerm extractEntry cmake/modules/FindNodejs.cmake
384 silly gunzTarPerm extractEntry cmake/modules/version.c.in
385 silly gunzTarPerm extractEntry cmake/modules/FindYuidoc.cmake
386 silly gunzTarPerm extractEntry cmake/modules/OpenCVDetectPython.cmake
387 silly gunzTarPerm extractEntry cmake/modules/COPYING-CMAKE-SCRIPTS
388 silly gunzTarPerm extractEntry cmake/modules/LICENSE.LGPL
389 silly gunzTarPerm extractEntry cmake/modules/LICENSE_1_0.txt
390 silly gunzTarPerm extractEntry cmake/modules/FindFtd4222.cmake
391 silly gunzTarPerm extractEntry cmake/modules/FindSphinx.cmake
392 silly gunzTarPerm extractEntry cmake/modules/FindFtd2xx.cmake
393 silly gunzTarPerm extractEntry cmake/modules/GetGitRevisionDescription.cmake.in
394 silly gunzTarPerm extractEntry cmake/modules/FindJSON-C.cmake
395 silly gunzTarPerm extractEntry cmake/modules/CPackDeb.cmake
396 silly gunzTarPerm extractEntry cmake/modules/Copyright.txt
397 silly gunzTarPerm extractEntry cmake/modules/GetGitRevisionDescription.cmake
398 silly gunzTarPerm extractEntry cmake/modules/FindUDEV.cmake
399 silly gunzTarPerm extractEntry cmake/Toolchains/
400 silly gunzTarPerm extractEntry cmake/Toolchains/oe-sdk_cross.cmake
401 silly gunzTarPerm extractEntry .clang-format
402 silly gunzTarPerm extractEntry CONTRIBUTING.md
403 silly gunzTarPerm extractEntry doxygen2jsdoc/
404 silly gunzTarPerm extractEntry jsstub/
405 silly gunzTarPerm extractEntry jsstub/package.json
406 silly gunzTarPerm extractEntry jsstub/index.js
407 silly gunzTarPerm extractEntry jsstub/test/
408 silly gunzTarPerm extractEntry jsstub/test/index.js
409 silly gunzTarPerm extractEntry jsstub/test/lightbulb.js
410 silly gunzTarPerm extractEntry jsstub/Gruntfile.js
411 silly gunzTarPerm extractEntry jsstub/README.md
412 silly gunzTarPerm extractEntry CMakeLists.txt
413 silly gunzTarPerm extractEntry tests/
414 silly gunzTarPerm extractEntry tests/general_checks.py
415 silly gunzTarPerm extractEntry tests/gpio_checks.py
416 silly gunzTarPerm extractEntry tests/check_clean.py
417 silly gunzTarPerm extractEntry tests/platform_checks.py
418 silly gunzTarPerm extractEntry tests/check_samplenames.py
419 silly gunzTarPerm extractEntry tests/CMakeLists.txt
420 silly gunzTarPerm extractEntry tests/mock/
421 silly gunzTarPerm extractEntry tests/mock/general_checks.py
422 silly gunzTarPerm extractEntry tests/mock/gpio_checks_mode.py
423 silly gunzTarPerm extractEntry tests/mock/gpio_checks_write_read.py
424 silly gunzTarPerm extractEntry tests/mock/aio_checks.py
425 silly gunzTarPerm extractEntry tests/mock/gpio_checks_dir.py
426 silly gunzTarPerm extractEntry tests/mock/platform_checks.py
427 silly gunzTarPerm extractEntry tests/mock/gpio_checks_basic.py
428 silly gunzTarPerm extractEntry tests/mock/CMakeLists.txt
429 silly gunzTarPerm extractEntry tests/mock/gpio_checks_edge.py
430 silly gunzTarPerm extractEntry tests/mock/gpio_checks_isr.py
431 silly gunzTarPerm extractEntry README.md
432 silly gentlyRm /Users/varunv/Code/IOT-Hack/backend/node_modules/.staging/mraa-1cce06f5/node_modules is being purged
433 verbose gentlyRm don't care about contents; nuking /Users/varunv/Code/IOT-Hack/backend/node_modules/.staging/mraa-1cce06f5/node_modules
434 silly doParallel preinstall 1
435 silly preinstall mraa@1.1.2 /Users/varunv/Code/IOT-Hack/backend/node_modules/.staging/mraa-1cce06f5
436 info lifecycle mraa@1.1.2~preinstall: mraa@1.1.2
437 silly lifecycle mraa@1.1.2~preinstall: no script for preinstall, continuing
438 silly doReverseSerial remove 0
439 silly doSerial move 0
440 silly doSerial finalize 1
441 silly finalize /Users/varunv/Code/IOT-Hack/backend/node_modules/mraa
442 silly doSerial build 1
443 silly build mraa@1.1.2
444 info linkStuff mraa@1.1.2
445 silly linkStuff mraa@1.1.2 has /Users/varunv/Code/IOT-Hack/backend/node_modules as its parent node_modules
446 verbose linkBins mraa@1.1.2
447 verbose linkMans mraa@1.1.2
448 silly doSerial global-link 0
449 silly doParallel update-linked 0
450 silly doSerial install 1
451 silly install mraa@1.1.2 /Users/varunv/Code/IOT-Hack/backend/node_modules/.staging/mraa-1cce06f5
452 info lifecycle mraa@1.1.2~install: mraa@1.1.2
453 verbose lifecycle mraa@1.1.2~install: unsafe-perm in lifecycle true
454 verbose lifecycle mraa@1.1.2~install: PATH: /usr/local/lib/node_modules/npm/bin/node-gyp-bin:/Users/varunv/Code/IOT-Hack/backend/node_modules/mraa/node_modules/.bin:/Users/varunv/Code/IOT-Hack/backend/node_modules/.bin:/usr/local/Cellar/node/6.2.0/bin:/usr/local/Cellar/pyenv-virtualenv/20160315/shims:/usr/local/bin:/usr/bin:/bin:/usr/sbin:/sbin
455 verbose lifecycle mraa@1.1.2~install: CWD: /Users/varunv/Code/IOT-Hack/backend/node_modules/mraa
456 silly lifecycle mraa@1.1.2~install: Args: [ '-c', 'node-gyp rebuild' ]
457 silly lifecycle mraa@1.1.2~install: Returned: code: 1  signal: null
458 info lifecycle mraa@1.1.2~install: Failed to exec install script
459 verbose unlock done using /Users/varunv/.npm/_locks/staging-7192ec2f10119d01.lock for /Users/varunv/Code/IOT-Hack/backend/node_modules/.staging
460 silly rollbackFailedOptional Starting
461 silly rollbackFailedOptional Finishing
462 silly runTopLevelLifecycles Starting
463 silly runTopLevelLifecycles Finishing
464 silly install printInstalled
465 warn Thermometer_demo@1.0.0 No repository field.
466 warn Thermometer_demo@1.0.0 No license field.
467 verbose stack Error: mraa@1.1.2 install: `node-gyp rebuild`
467 verbose stack Exit status 1
467 verbose stack     at EventEmitter.<anonymous> (/usr/local/lib/node_modules/npm/lib/utils/lifecycle.js:242:16)
467 verbose stack     at emitTwo (events.js:106:13)
467 verbose stack     at EventEmitter.emit (events.js:191:7)
467 verbose stack     at ChildProcess.<anonymous> (/usr/local/lib/node_modules/npm/lib/utils/spawn.js:40:14)
467 verbose stack     at emitTwo (events.js:106:13)
467 verbose stack     at ChildProcess.emit (events.js:191:7)
467 verbose stack     at maybeClose (internal/child_process.js:850:16)
467 verbose stack     at Process.ChildProcess._handle.onexit (internal/child_process.js:215:5)
468 verbose pkgid mraa@1.1.2
469 verbose cwd /Users/varunv/Code/IOT-Hack/backend
470 error Darwin 15.5.0
471 error argv "/usr/local/Cellar/node/6.2.0/bin/node" "/usr/local/bin/npm" "install" "mraa"
472 error node v6.2.0
473 error npm  v3.10.5
474 error code ELIFECYCLE
475 error mraa@1.1.2 install: `node-gyp rebuild`
475 error Exit status 1
476 error Failed at the mraa@1.1.2 install script 'node-gyp rebuild'.
476 error Make sure you have the latest version of node.js and npm installed.
476 error If you do, this is most likely a problem with the mraa package,
476 error not with npm itself.
476 error Tell the author that this fails on your system:
476 error     node-gyp rebuild
476 error You can get information on how to open an issue for this project with:
476 error     npm bugs mraa
476 error Or if that isn't available, you can get their info via:
476 error     npm owner ls mraa
476 error There is likely additional logging output above.
477 verbose exit [ 1, true ]
